2019-06-10T06:50:52.978Z - normal: Load ~/.CocosCreator/settings.json
2019-06-10T06:50:52.983Z - normal: checking language setting...
2019-06-10T06:50:52.984Z - normal: Language: zh
2019-06-10T06:50:54.001Z - success: protocol editor-framework registered
2019-06-10T06:50:54.001Z - success: protocol app registered
2019-06-10T06:50:54.002Z - success: protocol theme registered
2019-06-10T06:50:54.002Z - success: protocol packages registered
2019-06-10T06:50:54.002Z - success: protocol unpack registerred
2019-06-10T06:50:54.002Z - success: protocol disable-commonjs registerred
2019-06-10T06:50:54.096Z - normal: connected!
2019-06-10T06:50:54.101Z - normal: Check project /Users/jazzysnail/cocos/feijidazhan
2019-06-10T06:50:54.103Z - normal: Initializing Cocos2d
2019-06-10T06:50:54.380Z - normal: Initializing Asset Database
2019-06-10T06:50:54.421Z - success: protocol uuid registerred
2019-06-10T06:50:54.421Z - success: protocol db registerred
2019-06-10T06:50:54.421Z - success: protocol thumbnail registerred
2019-06-10T06:50:54.421Z - normal: Loading editor/builtin packages
2019-06-10T06:50:54.442Z - success: anysdk loaded
2019-06-10T06:50:54.589Z - success: assets loaded
2019-06-10T06:50:54.593Z - success: builder loaded
2019-06-10T06:50:54.595Z - success: cocos-analytics loaded
2019-06-10T06:50:54.601Z - success: console loaded
2019-06-10T06:50:54.639Z - success: fb-instant-games loaded
2019-06-10T06:50:54.644Z - success: hierarchy loaded
2019-06-10T06:50:54.652Z - success: inspector loaded
2019-06-10T06:50:54.654Z - success: keystore loaded
2019-06-10T06:50:54.658Z - success: node-library loaded
2019-06-10T06:50:54.660Z - success: package-asset loaded
2019-06-10T06:50:54.662Z - success: preferences loaded
2019-06-10T06:50:54.667Z - success: project-exporter loaded
2019-06-10T06:50:54.686Z - success: project-importer loaded
2019-06-10T06:50:54.689Z - success: project-settings loaded
2019-06-10T06:50:54.694Z - success: ui-kit loaded
2019-06-10T06:50:54.701Z - success: ui-grid loaded
2019-06-10T06:50:54.705Z - success: scene loaded
2019-06-10T06:50:54.707Z - success: sprite-editor loaded
2019-06-10T06:50:54.710Z - success: store loaded
2019-06-10T06:50:54.719Z - success: timeline loaded
2019-06-10T06:50:54.719Z - normal: Loading builtin packages
2019-06-10T06:50:54.723Z - success: asset-db-debugger loaded
2019-06-10T06:50:54.725Z - success: color-picker loaded
2019-06-10T06:50:54.730Z - success: package-manager loaded
2019-06-10T06:50:54.734Z - success: qqplay-adapter loaded
2019-06-10T06:50:54.742Z - success: sdkbox loaded
2019-06-10T06:50:54.747Z - success: tester loaded
2019-06-10T06:50:54.754Z - success: ui-kit-preview-extra loaded
2019-06-10T06:50:54.759Z - success: ui-kit-preview loaded
2019-06-10T06:50:54.763Z - success: ui-tree loaded
2019-06-10T06:50:54.766Z - success: weapp-adapter loaded
2019-06-10T06:50:56.061Z - normal: Initializing project /Users/jazzysnail/cocos/feijidazhan
2019-06-10T06:50:56.063Z - normal: Loading packages
2019-06-10T06:50:56.070Z - normal: Watching packages
2019-06-10T06:50:56.203Z - normal: Run Application
2019-06-10T06:50:56.972Z - success: preview server running at http://localhost:7457
2019-06-10T06:51:03.496Z - normal: 1.9.3
2019-06-10T06:55:30.539Z - warn: Error: ipc timeout. message: scene:query-node, session: scene@renderer:2759
2019-06-10T06:55:30.642Z - error: Can't init canvas 'New Canvas' because it conflicts with the existing 'Canvas', the scene should only have one active canvas at the same time
    at Object.errorID (/Applications/CocosCreator.app/Contents/Resources/engine/CCDebugger.js:343:18)
    at cc_Canvas.__preload (/Applications/CocosCreator.app/Contents/Resources/engine/cocos2d/core/components/CCCanvas.js:162:23)
    at call__preloadInTryCatch (eval at misc.tryCatchFunctor_EDITOR (/Applications/CocosCreator.app/Contents/Resources/engine/cocos2d/core/utils/misc.js:1:1), <anonymous>:5:24)
    at CCClass._invoke (/Applications/CocosCreator.app/Contents/Resources/engine/cocos2d/core/component-scheduler.js:233:21)
    at CCClass.invoke (/Applications/CocosCreator.app/Contents/Resources/engine/cocos2d/core/node-activator.js:65:14)
    at CCClass.activateNode (/Applications/CocosCreator.app/Contents/Resources/engine/cocos2d/core/node-activator.js:225:26)
    at cc_Node._onHierarchyChanged (/Applications/CocosCreator.app/Contents/Resources/engine/cocos2d/core/utils/base-node.js:1090:40)
    at cc_Node._onHierarchyChanged (/Applications/CocosCreator.app/Contents/Resources/engine/cocos2d/core/CCNode.js:1126:14)
    at cc_Node.setParent (/Applications/CocosCreator.app/Contents/Resources/engine/cocos2d/core/utils/base-node.js:406:18)
2019-06-10T07:01:17.269Z - warn: Error: ipc timeout. message: scene:query-node, session: scene@renderer:6920
2019-06-10T07:06:30.215Z - warn: Error: ipc timeout. message: scene:query-node, session: scene@renderer:11319
2019-06-10T07:06:30.237Z - warn: Error: ipc timeout. message: scene:query-node, session: scene@renderer:11320
2019-06-10T07:06:30.238Z - warn: Error: ipc timeout. message: scene:query-node, session: scene@renderer:11321
2019-06-10T07:06:30.239Z - warn: Error: ipc timeout. message: scene:query-node, session: scene@renderer:11322
2019-06-10T07:08:41.481Z - warn: Error: ipc timeout. message: scene:query-node, session: scene@renderer:12840
2019-06-10T07:14:23.438Z - warn: Error: ipc timeout. message: scene:query-node, session: scene@renderer:17256
2019-06-10T07:27:05.176Z - warn: Error: ipc timeout. message: scene:query-node, session: scene@renderer:27921
2019-06-10T07:27:05.181Z - warn: Error: ipc timeout. message: scene:query-node, session: scene@renderer:27923
2019-06-10T07:27:05.183Z - warn: Error: ipc timeout. message: scene:query-node, session: scene@renderer:27925
2019-06-10T07:27:45.118Z - warn: Error: ipc timeout. message: scene:query-node, session: scene@renderer:28505
2019-06-10T07:27:50.143Z - warn: Error: ipc timeout. message: scene:query-node, session: scene@renderer:28507
2019-06-10T07:49:46.471Z - failed: [db-task][sync-changes] Failed to import asset /Users/jazzysnail/cocos/feijidazhan/assets/resources/scripts/main.js, message: Compile error: TypeError: /Users/jazzysnail/cocos/feijidazhan/assets/resources/scripts/main.js: Duplicate declaration "initCount"
  31 |         // 创建子弹对象池
  32 |         this.bulletPool = new cc.NodePool();
> 33 |         let initCount = this.range;
     |             ^
  34 |         for (let i = 0; i < initCount; ++i) {
  35 |             let bullet = cc.instantiate(this.bulletPrefab);
  36 |             this.bulletPool.put(bullet);
    at File.buildCodeFrameError (/Applications/CocosCreator.app/Contents/Resources/app.asar/node_modules/babel-core/lib/transformation/file/index.js:431:15)
    at Scope.checkBlockScopedCollisions (/Applications/CocosCreator.app/Contents/Resources/app.asar/node_modules/babel-traverse/lib/scope/index.js:398:27)
    at Scope.registerBinding (/Applications/CocosCreator.app/Contents/Resources/app.asar/node_modules/babel-traverse/lib/scope/index.js:592:16)
    at Scope.registerDeclaration (/Applications/CocosCreator.app/Contents/Resources/app.asar/node_modules/babel-traverse/lib/scope/index.js:496:14)
    at Object.BlockScoped (/Applications/CocosCreator.app/Contents/Resources/app.asar/node_modules/babel-traverse/lib/scope/index.js:244:28)
    at Object.newFn (/Applications/CocosCreator.app/Contents/Resources/app.asar/node_modules/babel-traverse/lib/visitors.js:318:17)
    at NodePath._call (/Applications/CocosCreator.app/Contents/Resources/app.asar/node_modules/babel-traverse/lib/path/context.js:76:18)
    at NodePath.call (/Applications/CocosCreator.app/Contents/Resources/app.asar/node_modules/babel-traverse/lib/path/context.js:44:14)
    at NodePath.visit (/Applications/CocosCreator.app/Contents/Resources/app.asar/node_modules/babel-traverse/lib/path/context.js:105:12)
    at TraversalContext.visitQueue (/Applications/CocosCreator.app/Contents/Resources/app.asar/node_modules/babel-traverse/lib/context.js:150:16)
2019-06-10T08:14:19.688Z - normal: failed to connect login server due to request timeout
2019-06-10T08:14:28.817Z - normal: connected!
2019-06-10T08:14:33.657Z - normal: 1.9.3
2019-06-10T08:15:42.644Z - normal: connected!
2019-06-10T08:15:51.121Z - normal: 1.9.3
2019-06-10T08:37:08.705Z - failed: [db-task][sync-changes] Failed to import asset /Users/jazzysnail/cocos/feijidazhan/assets/resources/scripts/bullet.js, message: Compile error: SyntaxError: /Users/jazzysnail/cocos/feijidazhan/assets/resources/scripts/bullet.js: Unexpected token, expected , (29:4)
  27 |   // update (dt) {},
  28 |     // 子弹飞行的动作
> 29 |     setFlyAction() {
     |     ^
  30 |         let fly = cc.moveBy(this.flyDuration, cc.p(0, this.range));
  31 |         let callback = cc.callFunc(this.onBulletHitOrDisappeared, this);
  32 |         return cc.sequence(fly, callback);
    at Parser.pp$5.raise (/Applications/CocosCreator.app/Contents/Resources/app.asar/node_modules/babylon/lib/index.js:4454:13)
    at Parser.pp.unexpected (/Applications/CocosCreator.app/Contents/Resources/app.asar/node_modules/babylon/lib/index.js:1761:8)
    at Parser.pp.expect (/Applications/CocosCreator.app/Contents/Resources/app.asar/node_modules/babylon/lib/index.js:1749:33)
    at Parser.pp$3.parseObj (/Applications/CocosCreator.app/Contents/Resources/app.asar/node_modules/babylon/lib/index.js:3978:12)
    at Parser.pp$3.parseExprAtom (/Applications/CocosCreator.app/Contents/Resources/app.asar/node_modules/babylon/lib/index.js:3719:19)
    at Parser.pp$3.parseExprSubscripts (/Applications/CocosCreator.app/Contents/Resources/app.asar/node_modules/babylon/lib/index.js:3494:19)
    at Parser.pp$3.parseMaybeUnary (/Applications/CocosCreator.app/Contents/Resources/app.asar/node_modules/babylon/lib/index.js:3474:19)
    at Parser.pp$3.parseExprOps (/Applications/CocosCreator.app/Contents/Resources/app.asar/node_modules/babylon/lib/index.js:3404:19)
    at Parser.pp$3.parseMaybeConditional (/Applications/CocosCreator.app/Contents/Resources/app.asar/node_modules/babylon/lib/index.js:3381:19)
    at Parser.pp$3.parseMaybeAssign (/Applications/CocosCreator.app/Contents/Resources/app.asar/node_modules/babylon/lib/index.js:3344:19)
2019-06-10T08:41:48.646Z - normal: connected!
2019-06-10T08:41:53.928Z - normal: 1.9.3
2019-06-10T08:44:50.644Z - normal: connected!
2019-06-10T08:44:55.291Z - normal: 1.9.3
2019-06-10T08:47:07.904Z - success: Compiling task has been added to .vscode/tasks.json, please run "compile" task in VS Code to trigger compile in Cocos Creator.
2019-06-10T08:47:33.519Z - normal: connected!
2019-06-10T08:47:37.721Z - normal: 1.9.3
2019-06-10T08:48:27.905Z - normal: connected!
2019-06-10T08:48:32.318Z - normal: 1.9.3
2019-06-10T08:49:49.786Z - normal: connected!
2019-06-10T08:49:54.399Z - normal: 1.9.3
2019-06-10T08:52:19.623Z - normal: connected!
2019-06-10T08:52:24.024Z - normal: 1.9.3
2019-06-10T11:29:48.853Z - warn: The Asset used is missing. Detailed information:
Missing uuid: "d8f274e4-a522-4b77-8700-ab1c19629d0a"

2019-06-10T11:29:48.856Z - warn: The Asset used is missing. Detailed information:
Missing uuid: "d8f274e4-a522-4b77-8700-ab1c19629d0a"

2019-06-10T11:29:48.856Z - warn: The Asset used is missing. Detailed information:
Missing uuid: "d8f274e4-a522-4b77-8700-ab1c19629d0a"

2019-06-11T02:49:37.044Z - failed: [db-task][sync-changes] Failed to import asset /Users/jazzysnail/cocos/feijidazhan/assets/resources/scripts/player.js, message: Compile error: SyntaxError: /Users/jazzysnail/cocos/feijidazhan/assets/resources/scripts/player.js: Unexpected token, expected , (91:4)
  89 |     }
  90 | 
> 91 |     start () {
     |     ^
  92 | 
  93 |     },
  94 | 
    at Parser.pp$5.raise (/Applications/CocosCreator.app/Contents/Resources/app.asar/node_modules/babylon/lib/index.js:4454:13)
    at Parser.pp.unexpected (/Applications/CocosCreator.app/Contents/Resources/app.asar/node_modules/babylon/lib/index.js:1761:8)
    at Parser.pp.expect (/Applications/CocosCreator.app/Contents/Resources/app.asar/node_modules/babylon/lib/index.js:1749:33)
    at Parser.pp$3.parseObj (/Applications/CocosCreator.app/Contents/Resources/app.asar/node_modules/babylon/lib/index.js:3978:12)
    at Parser.pp$3.parseExprAtom (/Applications/CocosCreator.app/Contents/Resources/app.asar/node_modules/babylon/lib/index.js:3719:19)
    at Parser.pp$3.parseExprSubscripts (/Applications/CocosCreator.app/Contents/Resources/app.asar/node_modules/babylon/lib/index.js:3494:19)
    at Parser.pp$3.parseMaybeUnary (/Applications/CocosCreator.app/Contents/Resources/app.asar/node_modules/babylon/lib/index.js:3474:19)
    at Parser.pp$3.parseExprOps (/Applications/CocosCreator.app/Contents/Resources/app.asar/node_modules/babylon/lib/index.js:3404:19)
    at Parser.pp$3.parseMaybeConditional (/Applications/CocosCreator.app/Contents/Resources/app.asar/node_modules/babylon/lib/index.js:3381:19)
    at Parser.pp$3.parseMaybeAssign (/Applications/CocosCreator.app/Contents/Resources/app.asar/node_modules/babylon/lib/index.js:3344:19)
2019-06-11T02:50:09.752Z - failed: [db-task][sync-changes] Failed to import asset /Users/jazzysnail/cocos/feijidazhan/assets/resources/scripts/player.js, message: Compile error: SyntaxError: /Users/jazzysnail/cocos/feijidazhan/assets/resources/scripts/player.js: Unexpected token, expected , (25:18)
  23 |             type:[{
  24 |                 String,
> 25 |                 cc.Prefab
     |                   ^
  26 |             }]
  27 |         },
  28 |     },
    at Parser.pp$5.raise (/Applications/CocosCreator.app/Contents/Resources/app.asar/node_modules/babylon/lib/index.js:4454:13)
    at Parser.pp.unexpected (/Applications/CocosCreator.app/Contents/Resources/app.asar/node_modules/babylon/lib/index.js:1761:8)
    at Parser.pp.expect (/Applications/CocosCreator.app/Contents/Resources/app.asar/node_modules/babylon/lib/index.js:1749:33)
    at Parser.pp$3.parseObj (/Applications/CocosCreator.app/Contents/Resources/app.asar/node_modules/babylon/lib/index.js:3978:12)
    at Parser.pp$3.parseExprAtom (/Applications/CocosCreator.app/Contents/Resources/app.asar/node_modules/babylon/lib/index.js:3719:19)
    at Parser.pp$3.parseExprSubscripts (/Applications/CocosCreator.app/Contents/Resources/app.asar/node_modules/babylon/lib/index.js:3494:19)
    at Parser.pp$3.parseMaybeUnary (/Applications/CocosCreator.app/Contents/Resources/app.asar/node_modules/babylon/lib/index.js:3474:19)
    at Parser.pp$3.parseExprOps (/Applications/CocosCreator.app/Contents/Resources/app.asar/node_modules/babylon/lib/index.js:3404:19)
    at Parser.pp$3.parseMaybeConditional (/Applications/CocosCreator.app/Contents/Resources/app.asar/node_modules/babylon/lib/index.js:3381:19)
    at Parser.pp$3.parseMaybeAssign (/Applications/CocosCreator.app/Contents/Resources/app.asar/node_modules/babylon/lib/index.js:3344:19)
2019-06-11T02:50:48.921Z - failed: [db-task][sync-changes] Failed to import asset /Users/jazzysnail/cocos/feijidazhan/assets/resources/scripts/player.js, message: Compile error: SyntaxError: /Users/jazzysnail/cocos/feijidazhan/assets/resources/scripts/player.js: Unexpected token, expected , (92:4)
  90 |     }
  91 | 
> 92 |     start () {
     |     ^
  93 | 
  94 |     },
  95 | 
    at Parser.pp$5.raise (/Applications/CocosCreator.app/Contents/Resources/app.asar/node_modules/babylon/lib/index.js:4454:13)
    at Parser.pp.unexpected (/Applications/CocosCreator.app/Contents/Resources/app.asar/node_modules/babylon/lib/index.js:1761:8)
    at Parser.pp.expect (/Applications/CocosCreator.app/Contents/Resources/app.asar/node_modules/babylon/lib/index.js:1749:33)
    at Parser.pp$3.parseObj (/Applications/CocosCreator.app/Contents/Resources/app.asar/node_modules/babylon/lib/index.js:3978:12)
    at Parser.pp$3.parseExprAtom (/Applications/CocosCreator.app/Contents/Resources/app.asar/node_modules/babylon/lib/index.js:3719:19)
    at Parser.pp$3.parseExprSubscripts (/Applications/CocosCreator.app/Contents/Resources/app.asar/node_modules/babylon/lib/index.js:3494:19)
    at Parser.pp$3.parseMaybeUnary (/Applications/CocosCreator.app/Contents/Resources/app.asar/node_modules/babylon/lib/index.js:3474:19)
    at Parser.pp$3.parseExprOps (/Applications/CocosCreator.app/Contents/Resources/app.asar/node_modules/babylon/lib/index.js:3404:19)
    at Parser.pp$3.parseMaybeConditional (/Applications/CocosCreator.app/Contents/Resources/app.asar/node_modules/babylon/lib/index.js:3381:19)
    at Parser.pp$3.parseMaybeAssign (/Applications/CocosCreator.app/Contents/Resources/app.asar/node_modules/babylon/lib/index.js:3344:19)
2019-06-11T02:51:35.502Z - failed: [db-task][sync-changes] Failed to import asset /Users/jazzysnail/cocos/feijidazhan/assets/resources/scripts/player.js, message: Compile error: SyntaxError: /Users/jazzysnail/cocos/feijidazhan/assets/resources/scripts/player.js: Unexpected token, expected , (25:18)
  23 |             type:[{
  24 |                 String,
> 25 |                 cc.Prefab
     |                   ^
  26 |             }]
  27 |         },
  28 |     },
    at Parser.pp$5.raise (/Applications/CocosCreator.app/Contents/Resources/app.asar/node_modules/babylon/lib/index.js:4454:13)
    at Parser.pp.unexpected (/Applications/CocosCreator.app/Contents/Resources/app.asar/node_modules/babylon/lib/index.js:1761:8)
    at Parser.pp.expect (/Applications/CocosCreator.app/Contents/Resources/app.asar/node_modules/babylon/lib/index.js:1749:33)
    at Parser.pp$3.parseObj (/Applications/CocosCreator.app/Contents/Resources/app.asar/node_modules/babylon/lib/index.js:3978:12)
    at Parser.pp$3.parseExprAtom (/Applications/CocosCreator.app/Contents/Resources/app.asar/node_modules/babylon/lib/index.js:3719:19)
    at Parser.pp$3.parseExprSubscripts (/Applications/CocosCreator.app/Contents/Resources/app.asar/node_modules/babylon/lib/index.js:3494:19)
    at Parser.pp$3.parseMaybeUnary (/Applications/CocosCreator.app/Contents/Resources/app.asar/node_modules/babylon/lib/index.js:3474:19)
    at Parser.pp$3.parseExprOps (/Applications/CocosCreator.app/Contents/Resources/app.asar/node_modules/babylon/lib/index.js:3404:19)
    at Parser.pp$3.parseMaybeConditional (/Applications/CocosCreator.app/Contents/Resources/app.asar/node_modules/babylon/lib/index.js:3381:19)
    at Parser.pp$3.parseMaybeAssign (/Applications/CocosCreator.app/Contents/Resources/app.asar/node_modules/babylon/lib/index.js:3344:19)
2019-06-11T03:08:44.840Z - failed: [db-task][sync-changes] Failed to import asset /Users/jazzysnail/cocos/feijidazhan/assets/resources/scripts/player.js, message: Compile error: SyntaxError: /Users/jazzysnail/cocos/feijidazhan/assets/resources/scripts/player.js: Unexpected token, expected ; (36:35)
  34 |         });
  35 | 
> 36 |         this.__bulletPoolNow = get function() {
     |                                    ^
  37 |             return this[this.bulletPoolMap[this.bulletType]]
  38 |         }
  39 | 
    at Parser.pp$5.raise (/Applications/CocosCreator.app/Contents/Resources/app.asar/node_modules/babylon/lib/index.js:4454:13)
    at Parser.pp.unexpected (/Applications/CocosCreator.app/Contents/Resources/app.asar/node_modules/babylon/lib/index.js:1761:8)
    at Parser.pp.semicolon (/Applications/CocosCreator.app/Contents/Resources/app.asar/node_modules/babylon/lib/index.js:1742:38)
    at Parser.pp$1.parseExpressionStatement (/Applications/CocosCreator.app/Contents/Resources/app.asar/node_modules/babylon/lib/index.js:2236:8)
    at Parser.pp$1.parseStatement (/Applications/CocosCreator.app/Contents/Resources/app.asar/node_modules/babylon/lib/index.js:1911:17)
    at Parser.pp$1.parseBlockBody (/Applications/CocosCreator.app/Contents/Resources/app.asar/node_modules/babylon/lib/index.js:2268:21)
    at Parser.pp$1.parseBlock (/Applications/CocosCreator.app/Contents/Resources/app.asar/node_modules/babylon/lib/index.js:2247:8)
    at Parser.pp$3.parseFunctionBody (/Applications/CocosCreator.app/Contents/Resources/app.asar/node_modules/babylon/lib/index.js:4235:22)
    at Parser.pp$3.parseMethod (/Applications/CocosCreator.app/Contents/Resources/app.asar/node_modules/babylon/lib/index.js:4180:8)
    at Parser.pp$3.parseObjectMethod (/Applications/CocosCreator.app/Contents/Resources/app.asar/node_modules/babylon/lib/index.js:4097:10)
2019-06-11T03:08:58.635Z - normal: failed to connect login server due to request timeout
2019-06-11T03:09:04.953Z - normal: 1.9.3
2019-06-11T03:11:08.309Z - normal: connected!
2019-06-11T03:11:15.593Z - normal: 1.9.3
2019-06-11T03:48:50.528Z - failed: [db-task][sync-changes] Failed to import asset /Users/jazzysnail/cocos/feijidazhan/assets/resources/scripts/player.js, message: Compile error: SyntaxError: /Users/jazzysnail/cocos/feijidazhan/assets/resources/scripts/player.js: Unexpected token, expected , (11:10)
   9 |           default: 0, // ['普通子弹', '双弹道子弹']
  10 |           displayName: "攻击类型"
> 11 |           serializable: false
     |           ^
  12 |         },
  13 |         bulletMap: {
  14 |             default:[],
    at Parser.pp$5.raise (/Applications/CocosCreator.app/Contents/Resources/app.asar/node_modules/babylon/lib/index.js:4454:13)
    at Parser.pp.unexpected (/Applications/CocosCreator.app/Contents/Resources/app.asar/node_modules/babylon/lib/index.js:1761:8)
    at Parser.pp.expect (/Applications/CocosCreator.app/Contents/Resources/app.asar/node_modules/babylon/lib/index.js:1749:33)
    at Parser.pp$3.parseObj (/Applications/CocosCreator.app/Contents/Resources/app.asar/node_modules/babylon/lib/index.js:3978:12)
    at Parser.pp$3.parseExprAtom (/Applications/CocosCreator.app/Contents/Resources/app.asar/node_modules/babylon/lib/index.js:3719:19)
    at Parser.pp$3.parseExprSubscripts (/Applications/CocosCreator.app/Contents/Resources/app.asar/node_modules/babylon/lib/index.js:3494:19)
    at Parser.pp$3.parseMaybeUnary (/Applications/CocosCreator.app/Contents/Resources/app.asar/node_modules/babylon/lib/index.js:3474:19)
    at Parser.pp$3.parseExprOps (/Applications/CocosCreator.app/Contents/Resources/app.asar/node_modules/babylon/lib/index.js:3404:19)
    at Parser.pp$3.parseMaybeConditional (/Applications/CocosCreator.app/Contents/Resources/app.asar/node_modules/babylon/lib/index.js:3381:19)
    at Parser.pp$3.parseMaybeAssign (/Applications/CocosCreator.app/Contents/Resources/app.asar/node_modules/babylon/lib/index.js:3344:19)
2019-06-11T03:52:43.651Z - error: Property 'player.health' must define at least one of 'default', 'get' or 'set'.
    at Object.errorID (/Applications/CocosCreator.app/Contents/Resources/engine/CCDebugger.js:343:18)
    at Object.exports.preprocessAttrs (/Applications/CocosCreator.app/Contents/Resources/engine/cocos2d/core/platform/preprocess-class.js:232:28)
    at declareProperties (/Applications/CocosCreator.app/Contents/Resources/engine/cocos2d/core/platform/CCClass.js:807:20)
    at Object.CCClass [as Class] (/Applications/CocosCreator.app/Contents/Resources/engine/cocos2d/core/platform/CCClass.js:947:9)
    at __define (/Users/jazzysnail/cocos/feijidazhan/temp/quick-scripts/assets/resources/scripts/player.js:10:4)
    at /Users/jazzysnail/cocos/feijidazhan/temp/quick-scripts/assets/resources/scripts/player.js:108:13
    at Object.<anonymous> (/Users/jazzysnail/cocos/feijidazhan/temp/quick-scripts/assets/resources/scripts/player.js:115:11)
    at Object.<anonymous> (/Users/jazzysnail/cocos/feijidazhan/temp/quick-scripts/assets/resources/scripts/player.js:118:3)
    at Module._compile (module.js:571:32)
2019-06-11T03:54:11.705Z - normal: connected!
2019-06-11T03:54:17.149Z - normal: 1.9.3
2019-06-11T03:59:01.958Z - normal: connected!
2019-06-11T03:59:07.246Z - normal: 1.9.3
2019-06-11T04:00:37.140Z - failed: load script [/Users/jazzysnail/cocos/feijidazhan/temp/quick-scripts/assets/resources/scripts/player.js] failed : TypeError: Cannot use 'in' operator to search for 'default' in false
    at declareProperties (/Applications/CocosCreator.app/Contents/Resources/engine/cocos2d/core/platform/CCClass.js:811:27)
    at Object.CCClass [as Class] (/Applications/CocosCreator.app/Contents/Resources/engine/cocos2d/core/platform/CCClass.js:947:9)
    at __define (/Users/jazzysnail/cocos/feijidazhan/temp/quick-scripts/assets/resources/scripts/player.js:10:4)
    at /Users/jazzysnail/cocos/feijidazhan/temp/quick-scripts/assets/resources/scripts/player.js:106:13
    at Object.<anonymous> (/Users/jazzysnail/cocos/feijidazhan/temp/quick-scripts/assets/resources/scripts/player.js:113:11)
    at Object.<anonymous> (/Users/jazzysnail/cocos/feijidazhan/temp/quick-scripts/assets/resources/scripts/player.js:116:3)
    at Module._compile (module.js:571:32)
    at Object.Module._extensions..js (module.js:580:10)
    at Module.load (module.js:488:32)
    at tryModuleLoad (module.js:447:12)
2019-06-11T04:01:39.876Z - normal: connected!
2019-06-11T04:01:44.490Z - normal: 1.9.3
2019-06-11T04:33:16.501Z - error: 'No need to specify the 'serializable' attribute for the getter of '.health', every getter is actually non-serialized.
    at Object.errorID (/Applications/CocosCreator.app/Contents/Resources/engine/CCDebugger.js:343:18)
    at parseAttributes (/Applications/CocosCreator.app/Contents/Resources/engine/cocos2d/core/platform/CCClass.js:1214:16)
    at defineGetSet (/Applications/CocosCreator.app/Contents/Resources/engine/cocos2d/core/platform/CCClass.js:180:21)
    at declareProperties (/Applications/CocosCreator.app/Contents/Resources/engine/cocos2d/core/platform/CCClass.js:815:17)
    at Object.CCClass [as Class] (/Applications/CocosCreator.app/Contents/Resources/engine/cocos2d/core/platform/CCClass.js:947:9)
    at __define (/Users/jazzysnail/cocos/feijidazhan/temp/quick-scripts/assets/resources/scripts/player.js:10:4)
    at /Users/jazzysnail/cocos/feijidazhan/temp/quick-scripts/assets/resources/scripts/player.js:107:13
    at Object.<anonymous> (/Users/jazzysnail/cocos/feijidazhan/temp/quick-scripts/assets/resources/scripts/player.js:114:11)
    at Object.<anonymous> (/Users/jazzysnail/cocos/feijidazhan/temp/quick-scripts/assets/resources/scripts/player.js:117:3)
2019-06-11T04:36:03.123Z - error: 'No need to specify the 'serializable' attribute for the getter of '.health', every getter is actually non-serialized.
    at Object.errorID (/Applications/CocosCreator.app/Contents/Resources/engine/CCDebugger.js:343:18)
    at parseAttributes (/Applications/CocosCreator.app/Contents/Resources/engine/cocos2d/core/platform/CCClass.js:1214:16)
    at defineGetSet (/Applications/CocosCreator.app/Contents/Resources/engine/cocos2d/core/platform/CCClass.js:180:21)
    at declareProperties (/Applications/CocosCreator.app/Contents/Resources/engine/cocos2d/core/platform/CCClass.js:815:17)
    at Object.CCClass [as Class] (/Applications/CocosCreator.app/Contents/Resources/engine/cocos2d/core/platform/CCClass.js:947:9)
    at __define (/Users/jazzysnail/cocos/feijidazhan/temp/quick-scripts/assets/resources/scripts/player.js:10:4)
    at /Users/jazzysnail/cocos/feijidazhan/temp/quick-scripts/assets/resources/scripts/player.js:109:13
    at Object.<anonymous> (/Users/jazzysnail/cocos/feijidazhan/temp/quick-scripts/assets/resources/scripts/player.js:116:11)
    at Object.<anonymous> (/Users/jazzysnail/cocos/feijidazhan/temp/quick-scripts/assets/resources/scripts/player.js:119:3)
2019-06-11T04:57:35.263Z - error: 'No need to specify the 'serializable' attribute for the getter of '.health', every getter is actually non-serialized.
    at Object.errorID (/Applications/CocosCreator.app/Contents/Resources/engine/CCDebugger.js:343:18)
    at parseAttributes (/Applications/CocosCreator.app/Contents/Resources/engine/cocos2d/core/platform/CCClass.js:1214:16)
    at defineGetSet (/Applications/CocosCreator.app/Contents/Resources/engine/cocos2d/core/platform/CCClass.js:180:21)
    at declareProperties (/Applications/CocosCreator.app/Contents/Resources/engine/cocos2d/core/platform/CCClass.js:815:17)
    at Object.CCClass [as Class] (/Applications/CocosCreator.app/Contents/Resources/engine/cocos2d/core/platform/CCClass.js:947:9)
    at __define (/Users/jazzysnail/cocos/feijidazhan/temp/quick-scripts/assets/resources/scripts/player.js:10:4)
    at /Users/jazzysnail/cocos/feijidazhan/temp/quick-scripts/assets/resources/scripts/player.js:112:13
    at Object.<anonymous> (/Users/jazzysnail/cocos/feijidazhan/temp/quick-scripts/assets/resources/scripts/player.js:119:11)
    at Object.<anonymous> (/Users/jazzysnail/cocos/feijidazhan/temp/quick-scripts/assets/resources/scripts/player.js:122:3)
2019-06-11T05:05:23.385Z - warn: Error: ipc timeout. message: scene:query-node, session: scene@renderer:52886
2019-06-11T05:05:23.390Z - warn: Error: ipc timeout. message: scene:query-node, session: scene@renderer:52888
2019-06-11T05:05:23.391Z - warn: Error: ipc timeout. message: scene:query-node, session: scene@renderer:52889
2019-06-11T05:05:32.960Z - warn: Can not select this node in Animation Edit Mode
2019-06-11T05:05:55.631Z - warn: Error: ipc timeout. message: scene:query-node, session: scene@renderer:53268
2019-06-11T05:06:07.992Z - warn: Error: ipc timeout. message: scene:query-node, session: scene@renderer:53402
2019-06-11T05:11:31.379Z - normal: Introduced global variable while editing: i
2019-06-11T05:11:31.381Z - normal: Introduced global variable while editing: l
2019-06-11T05:18:29.961Z - normal: Introduced global variable while editing: i
2019-06-11T05:18:29.964Z - normal: Introduced global variable while editing: l
2019-06-11T05:27:10.395Z - warn: Error: ipc timeout. message: scene:query-node, session: scene@renderer:76007
2019-06-11T05:27:10.423Z - warn: Error: ipc timeout. message: scene:query-node, session: scene@renderer:76009
2019-06-11T05:27:39.972Z - warn: Error: ipc timeout. message: scene:query-node, session: scene@renderer:76332
2019-06-11T05:27:39.974Z - warn: Error: ipc timeout. message: scene:query-node, session: scene@renderer:76334
2019-06-11T07:02:58.998Z - info: shutdown preview server
